<?xml version="1.0" encoding="UTF-8"?>
<!-- Generated by org.testng.reporters.JUnitReportReporter -->
<testsuite hostname="DESKTOP-CUR6UTR" failures="0" tests="1" name="Testcases.LoginTestcases1" time="75.554" errors="0" timestamp="2023-02-14T17:46:06 IST" skipped="0">
  <testcase classname="Testcases.LoginTestcases1" name="login" time="75.554"/>
  <system-out/>
</testsuite> <!-- Testcases.LoginTestcases1 -->
