<?xml version="1.0" encoding="UTF-8"?>
<!-- Generated by org.testng.reporters.JUnitReportReporter -->
<testsuite hostname="DESKTOP-CUR6UTR" failures="0" tests="1" name="Testcases.Signuptestcase" time="29.820" errors="0" timestamp="2023-02-13T20:16:45 IST" skipped="0">
  <testcase classname="Testcases.Signuptestcase" name="signup" time="29.820"/>
  <system-out/>
</testsuite> <!-- Testcases.Signuptestcase -->
